[INFO] Scanning for projects...
[INFO] 
[INFO] --------------------------< com.example:mes >---------------------------
[INFO] Building mes 0.0.1-SNAPSHOT
[INFO]   from pom.xml
[INFO] --------------------------------[ jar ]---------------------------------
[INFO] 
[INFO] >>> spring-boot:3.5.6:run (default-cli) > test-compile @ mes >>>
[INFO] 
[INFO] --- resources:3.3.1:resources (default-resources) @ mes ---
[INFO] Copying 1 resource from src\main\resources to target\classes
[INFO] Copying 0 resource from src\main\resources to target\classes
[INFO] 
[INFO] --- compiler:3.14.0:compile (default-compile) @ mes ---
[INFO] Nothing to compile - all classes are up to date.
[INFO] 
[INFO] --- resources:3.3.1:testResources (default-testResources) @ mes ---
[INFO] skip non existing resourceDirectory D:\workspace\mes\backend\src\test\resources
[INFO] 
[INFO] --- compiler:3.14.0:testCompile (default-testCompile) @ mes ---
[INFO] No sources to compile
[INFO] 
[INFO] <<< spring-boot:3.5.6:run (default-cli) < test-compile @ mes <<<
[INFO] 
[INFO] 
[INFO] --- spring-boot:3.5.6:run (default-cli) @ mes ---
[INFO] Attaching agents: []

  .   ____          _            __ _ _
 /\\ / ___'_ __ _ _(_)_ __  __ _ \ \ \ \
( ( )\___ | '_ | '_| | '_ \/ _` | \ \ \ \
 \\/  ___)| |_)| | | | | || (_| |  ) ) ) )
  '  |____| .__|_| |_|_| |_\__, | / / / /
 =========|_|==============|___/=/_/_/_/

 :: Spring Boot ::                (v3.5.6)

2026-02-26T10:06:20.226+09:00  INFO 2164 --- [           main] com.example.mes.MesApplication           : Starting MesApplication using Java 17.0.16 with PID 2164 (D:\workspace\mes\backend\target\classes started by User in D:\workspace\mes\backend)
2026-02-26T10:06:20.228+09:00  INFO 2164 --- [           main] com.example.mes.MesApplication           : No active profile set, falling back to 1 default profile: "default"
2026-02-26T10:06:20.858+09:00  INFO 2164 --- [           main] .s.d.r.c.RepositoryConfigurationDelegate : Bootstrapping Spring Data JPA repositories in DEFAULT mode.
2026-02-26T10:06:20.946+09:00  INFO 2164 --- [           main] .s.d.r.c.RepositoryConfigurationDelegate : Finished Spring Data repository scanning in 66 ms. Found 4 JPA repository interfaces.
2026-02-26T10:06:21.556+09:00  INFO 2164 --- [           main] o.s.b.w.embedded.tomcat.TomcatWebServer  : Tomcat initialized with port 8081 (http)
2026-02-26T10:06:21.582+09:00  INFO 2164 --- [           main] o.apache.catalina.core.StandardService   : Starting service [Tomcat]
2026-02-26T10:06:21.583+09:00  INFO 2164 --- [           main] o.apache.catalina.core.StandardEngine    : Starting Servlet engine: [Apache Tomcat/10.1.46]
2026-02-26T10:06:21.643+09:00  INFO 2164 --- [           main] o.a.c.c.C.[Tomcat].[localhost].[/]       : Initializing Spring embedded WebApplicationContext
2026-02-26T10:06:21.645+09:00  INFO 2164 --- [           main] w.s.c.ServletWebServerApplicationContext : Root WebApplicationContext: initialization completed in 1377 ms
2026-02-26T10:06:21.810+09:00  INFO 2164 --- [           main] o.hibernate.jpa.internal.util.LogHelper  : HHH000204: Processing PersistenceUnitInfo [name: default]
2026-02-26T10:06:21.855+09:00  INFO 2164 --- [           main] org.hibernate.Version                    : HHH000412: Hibernate ORM core version 6.6.29.Final
2026-02-26T10:06:21.886+09:00  INFO 2164 --- [           main] o.h.c.internal.RegionFactoryInitiator    : HHH000026: Second-level cache disabled
2026-02-26T10:06:22.179+09:00  INFO 2164 --- [           main] o.s.o.j.p.SpringPersistenceUnitInfo      : No LoadTimeWeaver setup: ignoring JPA class transformer
2026-02-26T10:06:22.206+09:00  INFO 2164 --- [           main] com.zaxxer.hikari.HikariDataSource       : HikariPool-1 - Starting...
2026-02-26T10:06:22.494+09:00  INFO 2164 --- [           main] com.zaxxer.hikari.pool.HikariPool        : HikariPool-1 - Added connection com.mysql.cj.jdbc.ConnectionImpl@6697f3d
2026-02-26T10:06:22.509+09:00  INFO 2164 --- [           main] com.zaxxer.hikari.HikariDataSource       : HikariPool-1 - Start completed.
2026-02-26T10:06:22.591+09:00  INFO 2164 --- [           main] org.hibernate.orm.connections.pooling    : HHH10001005: Database info:
	Database JDBC URL [Connecting through datasource 'HikariDataSource (HikariPool-1)']
	Database driver: undefined/unknown
	Database version: 8.0.45
	Autocommit mode: undefined/unknown
	Isolation level: undefined/unknown
	Minimum pool size: undefined/unknown
	Maximum pool size: undefined/unknown
2026-02-26T10:06:23.475+09:00  INFO 2164 --- [           main] o.h.e.t.j.p.i.JtaPlatformInitiator       : HHH000489: No JTA platform available (set 'hibernate.transaction.jta.platform' to enable JTA platform integration)
2026-02-26T10:06:23.544+09:00 DEBUG 2164 --- [           main] org.hibernate.SQL                        : 
    alter table production_orders 
       modify column status enum ('CREATED','DONE','IN_PROGRESS') not null
Hibernate: 
    alter table production_orders 
       modify column status enum ('CREATED','DONE','IN_PROGRESS') not null
2026-02-26T10:06:23.602+09:00  INFO 2164 --- [           main] j.LocalContainerEntityManagerFactoryBean : Initialized JPA EntityManagerFactory for persistence unit 'default'
2026-02-26T10:06:23.946+09:00  INFO 2164 --- [           main] r$InitializeUserDetailsManagerConfigurer : Global AuthenticationManager configured with UserDetailsService bean with name customUserDetailsService
2026-02-26T10:06:24.104+09:00  INFO 2164 --- [           main] o.s.d.j.r.query.QueryEnhancerFactory     : Hibernate is in classpath; If applicable, HQL parser will be used.
2026-02-26T10:06:24.815+09:00  WARN 2164 --- [           main] JpaBaseConfiguration$JpaWebConfiguration : spring.jpa.open-in-view is enabled by default. Therefore, database queries may be performed during view rendering. Explicitly configure spring.jpa.open-in-view to disable this warning
2026-02-26T10:06:25.326+09:00  INFO 2164 --- [           main] o.s.b.w.embedded.tomcat.TomcatWebServer  : Tomcat started on port 8081 (http) with context path '/'
2026-02-26T10:06:25.336+09:00  INFO 2164 --- [           main] com.example.mes.MesApplication           : Started MesApplication in 5.62 seconds (process running for 5.969)
2026-02-26T10:06:25.423+09:00 DEBUG 2164 --- [           main] org.hibernate.SQL                        : 
    select
        u1_0.id,
        u1_0.created_at,
        u1_0.password,
        u1_0.password_hash,
        u1_0.role,
        u1_0.updated_at,
        u1_0.username 
    from
        users u1_0 
    where
        u1_0.username=?
Hibernate: 
    select
        u1_0.id,
        u1_0.created_at,
        u1_0.password,
        u1_0.password_hash,
        u1_0.role,
        u1_0.updated_at,
        u1_0.username 
    from
        users u1_0 
    where
        u1_0.username=?
2026-02-26T10:06:25.467+09:00 DEBUG 2164 --- [           main] org.hibernate.SQL                        : 
    select
        u1_0.id,
        u1_0.created_at,
        u1_0.password,
        u1_0.password_hash,
        u1_0.role,
        u1_0.updated_at,
        u1_0.username 
    from
        users u1_0 
    where
        u1_0.username=?
Hibernate: 
    select
        u1_0.id,
        u1_0.created_at,
        u1_0.password,
        u1_0.password_hash,
        u1_0.role,
        u1_0.updated_at,
        u1_0.username 
    from
        users u1_0 
    where
        u1_0.username=?
2026-02-26T10:06:25.471+09:00 DEBUG 2164 --- [           main] org.hibernate.SQL                        : 
    select
        u1_0.id,
        u1_0.created_at,
        u1_0.password,
        u1_0.password_hash,
        u1_0.role,
        u1_0.updated_at,
        u1_0.username 
    from
        users u1_0 
    where
        u1_0.username=?
Hibernate: 
    select
        u1_0.id,
        u1_0.created_at,
        u1_0.password,
        u1_0.password_hash,
        u1_0.role,
        u1_0.updated_at,
        u1_0.username 
    from
        users u1_0 
    where
        u1_0.username=?
2026-02-26T10:06:48.022+09:00  INFO 2164 --- [nio-8081-exec-1] o.a.c.c.C.[Tomcat].[localhost].[/]       : Initializing Spring DispatcherServlet 'dispatcherServlet'
2026-02-26T10:06:48.037+09:00  INFO 2164 --- [nio-8081-exec-1] o.s.web.servlet.DispatcherServlet        : Initializing Servlet 'dispatcherServlet'
2026-02-26T10:06:48.042+09:00  INFO 2164 --- [nio-8081-exec-1] o.s.web.servlet.DispatcherServlet        : Completed initialization in 4 ms
2026-02-26T10:06:48.400+09:00 DEBUG 2164 --- [nio-8081-exec-1] org.hibernate.SQL                        : 
    select
        u1_0.id,
        u1_0.created_at,
        u1_0.password,
        u1_0.password_hash,
        u1_0.role,
        u1_0.updated_at,
        u1_0.username 
    from
        users u1_0 
    where
        u1_0.username=?
Hibernate: 
    select
        u1_0.id,
        u1_0.created_at,
        u1_0.password,
        u1_0.password_hash,
        u1_0.role,
        u1_0.updated_at,
        u1_0.username 
    from
        users u1_0 
    where
        u1_0.username=?
2026-02-26T10:06:48.556+09:00 DEBUG 2164 --- [nio-8081-exec-1] org.hibernate.SQL                        : 
    select
        u1_0.id,
        u1_0.created_at,
        u1_0.password,
        u1_0.password_hash,
        u1_0.role,
        u1_0.updated_at,
        u1_0.username 
    from
        users u1_0 
    where
        u1_0.username=?
Hibernate: 
    select
        u1_0.id,
        u1_0.created_at,
        u1_0.password,
        u1_0.password_hash,
        u1_0.role,
        u1_0.updated_at,
        u1_0.username 
    from
        users u1_0 
    where
        u1_0.username=?
2026-02-26T10:06:48.795+09:00 DEBUG 2164 --- [nio-8081-exec-3] org.hibernate.SQL                        : 
    select
        u1_0.id,
        u1_0.created_at,
        u1_0.password,
        u1_0.password_hash,
        u1_0.role,
        u1_0.updated_at,
        u1_0.username 
    from
        users u1_0 
    where
        u1_0.username=?
Hibernate: 
    select
        u1_0.id,
        u1_0.created_at,
        u1_0.password,
        u1_0.password_hash,
        u1_0.role,
        u1_0.updated_at,
        u1_0.username 
    from
        users u1_0 
    where
        u1_0.username=?
2026-02-26T10:06:48.822+09:00 DEBUG 2164 --- [nio-8081-exec-3] org.hibernate.SQL                        : 
    select
        i1_0.id,
        i1_0.active,
        i1_0.created_at,
        i1_0.item_code,
        i1_0.item_name,
        i1_0.safety_stock,
        i1_0.unit,
        i1_0.updated_at 
    from
        items i1_0 
    where
        i1_0.id=?
Hibernate: 
    select
        i1_0.id,
        i1_0.active,
        i1_0.created_at,
        i1_0.item_code,
        i1_0.item_name,
        i1_0.safety_stock,
        i1_0.unit,
        i1_0.updated_at 
    from
        items i1_0 
    where
        i1_0.id=?
2026-02-26T10:06:48.841+09:00 DEBUG 2164 --- [nio-8081-exec-3] org.hibernate.SQL                        : 
    select
        u1_0.id,
        u1_0.created_at,
        u1_0.password,
        u1_0.password_hash,
        u1_0.role,
        u1_0.updated_at,
        u1_0.username 
    from
        users u1_0 
    where
        u1_0.username=?
Hibernate: 
    select
        u1_0.id,
        u1_0.created_at,
        u1_0.password,
        u1_0.password_hash,
        u1_0.role,
        u1_0.updated_at,
        u1_0.username 
    from
        users u1_0 
    where
        u1_0.username=?
2026-02-26T10:06:48.865+09:00 DEBUG 2164 --- [nio-8081-exec-3] org.hibernate.SQL                        : 
    insert 
    into
        stock_history
        (created_at, created_by, item_id, memo, quantity, type, updated_at) 
    values
        (?, ?, ?, ?, ?, ?, ?)
Hibernate: 
    insert 
    into
        stock_history
        (created_at, created_by, item_id, memo, quantity, type, updated_at) 
    values
        (?, ?, ?, ?, ?, ?, ?)
2026-02-26T10:07:39.579+09:00 DEBUG 2164 --- [nio-8081-exec-6] org.hibernate.SQL                        : 
    select
        u1_0.id,
        u1_0.created_at,
        u1_0.password,
        u1_0.password_hash,
        u1_0.role,
        u1_0.updated_at,
        u1_0.username 
    from
        users u1_0 
    where
        u1_0.username=?
2026-02-26T10:07:39.579+09:00 DEBUG 2164 --- [nio-8081-exec-8] org.hibernate.SQL                        : 
    select
        u1_0.id,
        u1_0.created_at,
        u1_0.password,
        u1_0.password_hash,
        u1_0.role,
        u1_0.updated_at,
        u1_0.username 
    from
        users u1_0 
    where
        u1_0.username=?
Hibernate: 
    select
        u1_0.id,
        u1_0.created_at,
        u1_0.password,
        u1_0.password_hash,
        u1_0.role,
        u1_0.updated_at,
        u1_0.username 
    from
        users u1_0 
    where
        u1_0.username=?
Hibernate: 
    select
        u1_0.id,
        u1_0.created_at,
        u1_0.password,
        u1_0.password_hash,
        u1_0.role,
        u1_0.updated_at,
        u1_0.username 
    from
        users u1_0 
    where
        u1_0.username=?
2026-02-26T10:07:39.591+09:00 DEBUG 2164 --- [nio-8081-exec-8] org.hibernate.SQL                        : 
    select
        i1_0.id,
        i1_0.active,
        i1_0.created_at,
        i1_0.item_code,
        i1_0.item_name,
        i1_0.safety_stock,
        i1_0.unit,
        i1_0.updated_at 
    from
        items i1_0
Hibernate: 
    select
        i1_0.id,
        i1_0.active,
        i1_0.created_at,
        i1_0.item_code,
        i1_0.item_name,
        i1_0.safety_stock,
        i1_0.unit,
        i1_0.updated_at 
    from
        items i1_0
2026-02-26T10:07:39.591+09:00 DEBUG 2164 --- [nio-8081-exec-6] org.hibernate.SQL                        : 
    select
        i1_0.id,
        i1_0.active,
        i1_0.created_at,
        i1_0.item_code,
        i1_0.item_name,
        i1_0.safety_stock,
        i1_0.unit,
        i1_0.updated_at 
    from
        items i1_0
Hibernate: 
    select
        i1_0.id,
        i1_0.active,
        i1_0.created_at,
        i1_0.item_code,
        i1_0.item_name,
        i1_0.safety_stock,
        i1_0.unit,
        i1_0.updated_at 
    from
        items i1_0
2026-02-26T10:07:39.626+09:00 DEBUG 2164 --- [nio-8081-exec-2] org.hibernate.SQL                        : 
    select
        u1_0.id,
        u1_0.created_at,
        u1_0.password,
        u1_0.password_hash,
        u1_0.role,
        u1_0.updated_at,
        u1_0.username 
    from
        users u1_0 
    where
        u1_0.username=?
Hibernate: 
    select
        u1_0.id,
        u1_0.created_at,
        u1_0.password,
        u1_0.password_hash,
        u1_0.role,
        u1_0.updated_at,
        u1_0.username 
    from
        users u1_0 
    where
        u1_0.username=?
2026-02-26T10:07:39.628+09:00 DEBUG 2164 --- [nio-8081-exec-1] org.hibernate.SQL                        : 
    select
        u1_0.id,
        u1_0.created_at,
        u1_0.password,
        u1_0.password_hash,
        u1_0.role,
        u1_0.updated_at,
        u1_0.username 
    from
        users u1_0 
    where
        u1_0.username=?
Hibernate: 
    select
        u1_0.id,
        u1_0.created_at,
        u1_0.password,
        u1_0.password_hash,
        u1_0.role,
        u1_0.updated_at,
        u1_0.username 
    from
        users u1_0 
    where
        u1_0.username=?
2026-02-26T10:07:39.633+09:00 DEBUG 2164 --- [nio-8081-exec-2] org.hibernate.SQL                        : 
    select
        i1_0.id,
        i1_0.active,
        i1_0.created_at,
        i1_0.item_code,
        i1_0.item_name,
        i1_0.safety_stock,
        i1_0.unit,
        i1_0.updated_at 
    from
        items i1_0 
    where
        i1_0.id=?
Hibernate: 
    select
        i1_0.id,
        i1_0.active,
        i1_0.created_at,
        i1_0.item_code,
        i1_0.item_name,
        i1_0.safety_stock,
        i1_0.unit,
        i1_0.updated_at 
    from
        items i1_0 
    where
        i1_0.id=?
2026-02-26T10:07:39.634+09:00 DEBUG 2164 --- [nio-8081-exec-1] org.hibernate.SQL                        : 
    select
        i1_0.id,
        i1_0.active,
        i1_0.created_at,
        i1_0.item_code,
        i1_0.item_name,
        i1_0.safety_stock,
        i1_0.unit,
        i1_0.updated_at 
    from
        items i1_0 
    where
        i1_0.id=?
Hibernate: 
    select
        i1_0.id,
        i1_0.active,
        i1_0.created_at,
        i1_0.item_code,
        i1_0.item_name,
        i1_0.safety_stock,
        i1_0.unit,
        i1_0.updated_at 
    from
        items i1_0 
    where
        i1_0.id=?
2026-02-26T10:07:39.664+09:00 DEBUG 2164 --- [nio-8081-exec-2] org.hibernate.SQL                        : 
    select
        coalesce(sum(case 
            when sh1_0.type='IN' 
                then sh1_0.quantity 
            else -sh1_0.quantity 
    end), 0) 
from
    stock_history sh1_0 
where
    sh1_0.item_id=?
Hibernate: 
    select
        coalesce(sum(case 
            when sh1_0.type='IN' 
                then sh1_0.quantity 
            else -sh1_0.quantity 
    end), 0) 
from
    stock_history sh1_0 
where
    sh1_0.item_id=?
2026-02-26T10:07:39.665+09:00 DEBUG 2164 --- [nio-8081-exec-1] org.hibernate.SQL                        : 
    select
        coalesce(sum(case 
            when sh1_0.type='IN' 
                then sh1_0.quantity 
            else -sh1_0.quantity 
    end), 0) 
from
    stock_history sh1_0 
where
    sh1_0.item_id=?
Hibernate: 
    select
        coalesce(sum(case 
            when sh1_0.type='IN' 
                then sh1_0.quantity 
            else -sh1_0.quantity 
    end), 0) 
from
    stock_history sh1_0 
where
    sh1_0.item_id=?
2026-02-26T10:08:05.559+09:00 DEBUG 2164 --- [nio-8081-exec-7] org.hibernate.SQL                        : 
    select
        u1_0.id,
        u1_0.created_at,
        u1_0.password,
        u1_0.password_hash,
        u1_0.role,
        u1_0.updated_at,
        u1_0.username 
    from
        users u1_0 
    where
        u1_0.username=?
2026-02-26T10:08:05.559+09:00 DEBUG 2164 --- [nio-8081-exec-5] org.hibernate.SQL                        : 
    select
        u1_0.id,
        u1_0.created_at,
        u1_0.password,
        u1_0.password_hash,
        u1_0.role,
        u1_0.updated_at,
        u1_0.username 
    from
        users u1_0 
    where
        u1_0.username=?
Hibernate: 
    select
        u1_0.id,
        u1_0.created_at,
        u1_0.password,
        u1_0.password_hash,
        u1_0.role,
        u1_0.updated_at,
        u1_0.username 
    from
        users u1_0 
    where
        u1_0.username=?
Hibernate: 
    select
        u1_0.id,
        u1_0.created_at,
        u1_0.password,
        u1_0.password_hash,
        u1_0.role,
        u1_0.updated_at,
        u1_0.username 
    from
        users u1_0 
    where
        u1_0.username=?
2026-02-26T10:08:05.569+09:00 DEBUG 2164 --- [nio-8081-exec-7] org.hibernate.SQL                        : 
    select
        i1_0.id,
        i1_0.active,
        i1_0.created_at,
        i1_0.item_code,
        i1_0.item_name,
        i1_0.safety_stock,
        i1_0.unit,
        i1_0.updated_at 
    from
        items i1_0
2026-02-26T10:08:05.569+09:00 DEBUG 2164 --- [nio-8081-exec-5] org.hibernate.SQL                        : 
    select
        i1_0.id,
        i1_0.active,
        i1_0.created_at,
        i1_0.item_code,
        i1_0.item_name,
        i1_0.safety_stock,
        i1_0.unit,
        i1_0.updated_at 
    from
        items i1_0
Hibernate: 
    select
        i1_0.id,
        i1_0.active,
        i1_0.created_at,
        i1_0.item_code,
        i1_0.item_name,
        i1_0.safety_stock,
        i1_0.unit,
        i1_0.updated_at 
    from
        items i1_0
Hibernate: 
    select
        i1_0.id,
        i1_0.active,
        i1_0.created_at,
        i1_0.item_code,
        i1_0.item_name,
        i1_0.safety_stock,
        i1_0.unit,
        i1_0.updated_at 
    from
        items i1_0
2026-02-26T10:08:05.587+09:00 DEBUG 2164 --- [nio-8081-exec-9] org.hibernate.SQL                        : 
    select
        u1_0.id,
        u1_0.created_at,
        u1_0.password,
        u1_0.password_hash,
        u1_0.role,
        u1_0.updated_at,
        u1_0.username 
    from
        users u1_0 
    where
        u1_0.username=?
2026-02-26T10:08:05.587+09:00 DEBUG 2164 --- [io-8081-exec-10] org.hibernate.SQL                        : 
    select
        u1_0.id,
        u1_0.created_at,
        u1_0.password,
        u1_0.password_hash,
        u1_0.role,
        u1_0.updated_at,
        u1_0.username 
    from
        users u1_0 
    where
        u1_0.username=?
Hibernate: 
    select
        u1_0.id,
        u1_0.created_at,
        u1_0.password,
        u1_0.password_hash,
        u1_0.role,
        u1_0.updated_at,
        u1_0.username 
    from
        users u1_0 
    where
        u1_0.username=?
Hibernate: 
    select
        u1_0.id,
        u1_0.created_at,
        u1_0.password,
        u1_0.password_hash,
        u1_0.role,
        u1_0.updated_at,
        u1_0.username 
    from
        users u1_0 
    where
        u1_0.username=?
2026-02-26T10:08:05.593+09:00 DEBUG 2164 --- [nio-8081-exec-9] org.hibernate.SQL                        : 
    select
        i1_0.id,
        i1_0.active,
        i1_0.created_at,
        i1_0.item_code,
        i1_0.item_name,
        i1_0.safety_stock,
        i1_0.unit,
        i1_0.updated_at 
    from
        items i1_0 
    where
        i1_0.id=?
Hibernate: 
    select
        i1_0.id,
        i1_0.active,
        i1_0.created_at,
        i1_0.item_code,
        i1_0.item_name,
        i1_0.safety_stock,
        i1_0.unit,
        i1_0.updated_at 
    from
        items i1_0 
    where
        i1_0.id=?
2026-02-26T10:08:05.593+09:00 DEBUG 2164 --- [io-8081-exec-10] org.hibernate.SQL                        : 
    select
        i1_0.id,
        i1_0.active,
        i1_0.created_at,
        i1_0.item_code,
        i1_0.item_name,
        i1_0.safety_stock,
        i1_0.unit,
        i1_0.updated_at 
    from
        items i1_0 
    where
        i1_0.id=?
Hibernate: 
    select
        i1_0.id,
        i1_0.active,
        i1_0.created_at,
        i1_0.item_code,
        i1_0.item_name,
        i1_0.safety_stock,
        i1_0.unit,
        i1_0.updated_at 
    from
        items i1_0 
    where
        i1_0.id=?
2026-02-26T10:08:05.598+09:00 DEBUG 2164 --- [nio-8081-exec-9] org.hibernate.SQL                        : 
    select
        coalesce(sum(case 
            when sh1_0.type='IN' 
                then sh1_0.quantity 
            else -sh1_0.quantity 
    end), 0) 
from
    stock_history sh1_0 
where
    sh1_0.item_id=?
2026-02-26T10:08:05.598+09:00 DEBUG 2164 --- [io-8081-exec-10] org.hibernate.SQL                        : 
    select
        coalesce(sum(case 
            when sh1_0.type='IN' 
                then sh1_0.quantity 
            else -sh1_0.quantity 
    end), 0) 
from
    stock_history sh1_0 
where
    sh1_0.item_id=?
Hibernate: 
    select
        coalesce(sum(case 
            when sh1_0.type='IN' 
                then sh1_0.quantity 
            else -sh1_0.quantity 
    end), 0) 
from
    stock_history sh1_0 
where
    sh1_0.item_id=?
Hibernate: 
    select
        coalesce(sum(case 
            when sh1_0.type='IN' 
                then sh1_0.quantity 
            else -sh1_0.quantity 
    end), 0) 
from
    stock_history sh1_0 
where
    sh1_0.item_id=?
2026-02-26T10:08:12.657+09:00 DEBUG 2164 --- [nio-8081-exec-2] org.hibernate.SQL                        : 
    select
        u1_0.id,
        u1_0.created_at,
        u1_0.password,
        u1_0.password_hash,
        u1_0.role,
        u1_0.updated_at,
        u1_0.username 
    from
        users u1_0 
    where
        u1_0.username=?
Hibernate: 
    select
        u1_0.id,
        u1_0.created_at,
        u1_0.password,
        u1_0.password_hash,
        u1_0.role,
        u1_0.updated_at,
        u1_0.username 
    from
        users u1_0 
    where
        u1_0.username=?
2026-02-26T10:08:12.679+09:00 DEBUG 2164 --- [nio-8081-exec-2] org.hibernate.SQL                        : 
    select
        i1_0.id,
        i1_0.active,
        i1_0.created_at,
        i1_0.item_code,
        i1_0.item_name,
        i1_0.safety_stock,
        i1_0.unit,
        i1_0.updated_at 
    from
        items i1_0 
    where
        i1_0.id=?
Hibernate: 
    select
        i1_0.id,
        i1_0.active,
        i1_0.created_at,
        i1_0.item_code,
        i1_0.item_name,
        i1_0.safety_stock,
        i1_0.unit,
        i1_0.updated_at 
    from
        items i1_0 
    where
        i1_0.id=?
2026-02-26T10:08:12.684+09:00 DEBUG 2164 --- [nio-8081-exec-2] org.hibernate.SQL                        : 
    select
        u1_0.id,
        u1_0.created_at,
        u1_0.password,
        u1_0.password_hash,
        u1_0.role,
        u1_0.updated_at,
        u1_0.username 
    from
        users u1_0 
    where
        u1_0.username=?
Hibernate: 
    select
        u1_0.id,
        u1_0.created_at,
        u1_0.password,
        u1_0.password_hash,
        u1_0.role,
        u1_0.updated_at,
        u1_0.username 
    from
        users u1_0 
    where
        u1_0.username=?
2026-02-26T10:08:12.689+09:00 DEBUG 2164 --- [nio-8081-exec-2] org.hibernate.SQL                        : 
    insert 
    into
        stock_history
        (created_at, created_by, item_id, memo, quantity, type, updated_at) 
    values
        (?, ?, ?, ?, ?, ?, ?)
Hibernate: 
    insert 
    into
        stock_history
        (created_at, created_by, item_id, memo, quantity, type, updated_at) 
    values
        (?, ?, ?, ?, ?, ?, ?)
2026-02-26T10:08:12.712+09:00 DEBUG 2164 --- [nio-8081-exec-3] org.hibernate.SQL                        : 
    select
        u1_0.id,
        u1_0.created_at,
        u1_0.password,
        u1_0.password_hash,
        u1_0.role,
        u1_0.updated_at,
        u1_0.username 
    from
        users u1_0 
    where
        u1_0.username=?
Hibernate: 
    select
        u1_0.id,
        u1_0.created_at,
        u1_0.password,
        u1_0.password_hash,
        u1_0.role,
        u1_0.updated_at,
        u1_0.username 
    from
        users u1_0 
    where
        u1_0.username=?
2026-02-26T10:08:12.718+09:00 DEBUG 2164 --- [nio-8081-exec-3] org.hibernate.SQL                        : 
    select
        i1_0.id,
        i1_0.active,
        i1_0.created_at,
        i1_0.item_code,
        i1_0.item_name,
        i1_0.safety_stock,
        i1_0.unit,
        i1_0.updated_at 
    from
        items i1_0
Hibernate: 
    select
        i1_0.id,
        i1_0.active,
        i1_0.created_at,
        i1_0.item_code,
        i1_0.item_name,
        i1_0.safety_stock,
        i1_0.unit,
        i1_0.updated_at 
    from
        items i1_0
2026-02-26T10:08:12.733+09:00 DEBUG 2164 --- [nio-8081-exec-5] org.hibernate.SQL                        : 
    select
        u1_0.id,
        u1_0.created_at,
        u1_0.password,
        u1_0.password_hash,
        u1_0.role,
        u1_0.updated_at,
        u1_0.username 
    from
        users u1_0 
    where
        u1_0.username=?
Hibernate: 
    select
        u1_0.id,
        u1_0.created_at,
        u1_0.password,
        u1_0.password_hash,
        u1_0.role,
        u1_0.updated_at,
        u1_0.username 
    from
        users u1_0 
    where
        u1_0.username=?
2026-02-26T10:08:12.740+09:00 DEBUG 2164 --- [nio-8081-exec-5] org.hibernate.SQL                        : 
    select
        i1_0.id,
        i1_0.active,
        i1_0.created_at,
        i1_0.item_code,
        i1_0.item_name,
        i1_0.safety_stock,
        i1_0.unit,
        i1_0.updated_at 
    from
        items i1_0 
    where
        i1_0.id=?
Hibernate: 
    select
        i1_0.id,
        i1_0.active,
        i1_0.created_at,
        i1_0.item_code,
        i1_0.item_name,
        i1_0.safety_stock,
        i1_0.unit,
        i1_0.updated_at 
    from
        items i1_0 
    where
        i1_0.id=?
2026-02-26T10:08:12.742+09:00 DEBUG 2164 --- [nio-8081-exec-5] org.hibernate.SQL                        : 
    select
        coalesce(sum(case 
            when sh1_0.type='IN' 
                then sh1_0.quantity 
            else -sh1_0.quantity 
    end), 0) 
from
    stock_history sh1_0 
where
    sh1_0.item_id=?
Hibernate: 
    select
        coalesce(sum(case 
            when sh1_0.type='IN' 
                then sh1_0.quantity 
            else -sh1_0.quantity 
    end), 0) 
from
    stock_history sh1_0 
where
    sh1_0.item_id=?
